[debug] [2024-09-03T18:09:38.614Z] ----------------------------------------------------------------------
[debug] [2024-09-03T18:09:38.616Z] Command:       C:\Program Files\nodejs\node.exe C:\Users\Databalk\AppData\Roaming\npm\node_modules\firebase-tools\lib\bin\firebase.js deploy
[debug] [2024-09-03T18:09:38.616Z] CLI Version:   12.5.3
[debug] [2024-09-03T18:09:38.616Z] Platform:      win32
[debug] [2024-09-03T18:09:38.617Z] Node Version:  v20.11.0
[debug] [2024-09-03T18:09:38.617Z] Time:          Tue Sep 03 2024 20:09:38 GMT+0200 (South Africa Standard Time)
[debug] [2024-09-03T18:09:38.617Z] ----------------------------------------------------------------------
[debug] 
[debug] [2024-09-03T18:09:38.619Z] >>> [apiv2][query] GET https://firebase-public.firebaseio.com/cli.json [none]
[debug] [2024-09-03T18:09:38.722Z] > command requires scopes: ["email","openid","https://www.googleapis.com/auth/cloudplatformprojects.readonly","https://www.googleapis.com/auth/firebase","https://www.googleapis.com/auth/cloud-platform"]
[debug] [2024-09-03T18:09:38.722Z] > authorizing via signed-in user (denorauten@gmail.com)
[debug] [2024-09-03T18:09:38.723Z] [iam] checking project mangako-nipon for permissions ["firebase.projects.get","firebasehosting.sites.update"]
[debug] [2024-09-03T18:09:38.724Z] > refreshing access token with scopes: []
[debug] [2024-09-03T18:09:38.724Z] >>> [apiv2][query] POST https://www.googleapis.com/oauth2/v3/token [none]
[debug] [2024-09-03T18:09:38.725Z] >>> [apiv2][body] POST https://www.googleapis.com/oauth2/v3/token [omitted]
[debug] [2024-09-03T18:09:39.280Z] <<< [apiv2][status] POST https://www.googleapis.com/oauth2/v3/token 400
[debug] [2024-09-03T18:09:39.280Z] <<< [apiv2][body] POST https://www.googleapis.com/oauth2/v3/token [omitted]
[debug] [2024-09-03T18:09:39.280Z] >>> [apiv2][query] POST https://cloudresourcemanager.googleapis.com/v1/projects/mangako-nipon:testIamPermissions [none]
[debug] [2024-09-03T18:09:39.280Z] >>> [apiv2][(partial)header] POST https://cloudresourcemanager.googleapis.com/v1/projects/mangako-nipon:testIamPermissions x-goog-quota-user=projects/mangako-nipon
[debug] [2024-09-03T18:09:39.280Z] >>> [apiv2][body] POST https://cloudresourcemanager.googleapis.com/v1/projects/mangako-nipon:testIamPermissions {"permissions":["firebase.projects.get","firebasehosting.sites.update"]}
[debug] [2024-09-03T18:09:39.374Z] <<< [apiv2][status] GET https://firebase-public.firebaseio.com/cli.json 200
[debug] [2024-09-03T18:09:39.374Z] <<< [apiv2][body] GET https://firebase-public.firebaseio.com/cli.json {"cloudBuildErrorAfter":1594252800000,"cloudBuildWarnAfter":1590019200000,"defaultNode10After":1594252800000,"minVersion":"3.0.5","node8DeploysDisabledAfter":1613390400000,"node8RuntimeDisabledAfter":1615809600000,"node8WarnAfter":1600128000000}
[debug] [2024-09-03T18:09:41.058Z] <<< [apiv2][status] POST https://cloudresourcemanager.googleapis.com/v1/projects/mangako-nipon:testIamPermissions 401
[debug] [2024-09-03T18:09:41.058Z] <<< [apiv2][body] POST https://cloudresourcemanager.googleapis.com/v1/projects/mangako-nipon:testIamPermissions {"error":{"code":401,"message":"Request had invalid authentication credentials. Expected OAuth 2 access token, login cookie or other valid authentication credential. See https://developers.google.com/identity/sign-in/web/devconsole-project.","status":"UNAUTHENTICATED","details":[{"@type":"type.googleapis.com/google.rpc.ErrorInfo","reason":"ACCESS_TOKEN_TYPE_UNSUPPORTED","metadata":{"method":"google.cloudresourcemanager.v1.Projects.TestIamPermissions","service":"cloudresourcemanager.googleapis.com"}}]}}
[debug] [2024-09-03T18:09:41.058Z] [iam] error while checking permissions, command may fail: FirebaseError: HTTP Error: 401, Request had invalid authentication credentials. Expected OAuth 2 access token, login cookie or other valid authentication credential. See https://developers.google.com/identity/sign-in/web/devconsole-project.
[debug] [2024-09-03T18:09:41.059Z] > refreshing access token with scopes: []
[debug] [2024-09-03T18:09:41.059Z] >>> [apiv2][query] POST https://www.googleapis.com/oauth2/v3/token [none]
[debug] [2024-09-03T18:09:41.059Z] >>> [apiv2][body] POST https://www.googleapis.com/oauth2/v3/token [omitted]
[debug] [2024-09-03T18:09:41.303Z] <<< [apiv2][status] POST https://www.googleapis.com/oauth2/v3/token 400
[debug] [2024-09-03T18:09:41.303Z] <<< [apiv2][body] POST https://www.googleapis.com/oauth2/v3/token [omitted]
[debug] [2024-09-03T18:09:41.304Z] >>> [apiv2][query] GET https://firebase.googleapis.com/v1beta1/projects/mangako-nipon [none]
[debug] [2024-09-03T18:09:41.899Z] <<< [apiv2][status] GET https://firebase.googleapis.com/v1beta1/projects/mangako-nipon 401
[debug] [2024-09-03T18:09:41.900Z] <<< [apiv2][body] GET https://firebase.googleapis.com/v1beta1/projects/mangako-nipon {"error":{"code":401,"message":"Request had invalid authentication credentials. Expected OAuth 2 access token, login cookie or other valid authentication credential. See https://developers.google.com/identity/sign-in/web/devconsole-project.","status":"UNAUTHENTICATED"}}
[debug] [2024-09-03T18:09:41.900Z] HTTP Error: 401, Request had invalid authentication credentials. Expected OAuth 2 access token, login cookie or other valid authentication credential. See https://developers.google.com/identity/sign-in/web/devconsole-project.
[debug] [2024-09-03T18:09:42.434Z] FirebaseError: HTTP Error: 401, Request had invalid authentication credentials. Expected OAuth 2 access token, login cookie or other valid authentication credential. See https://developers.google.com/identity/sign-in/web/devconsole-project.
    at responseToError (C:\Users\Databalk\AppData\Roaming\npm\node_modules\firebase-tools\lib\responseToError.js:49:12)
    at RetryOperation._fn (C:\Users\Databalk\AppData\Roaming\npm\node_modules\firebase-tools\lib\apiv2.js:285:77)
    at process.processTicksAndRejections (node:internal/process/task_queues:95:5)
[error] 
[error] Error: Failed to get Firebase project mangako-nipon. Please make sure the project exists and your account has permission to access it.
